<?xml version="1.0" encoding="UTF-8"?>
<!-- Generated by org.testng.reporters.JUnitXMLReporter -->
<testsuite hostname="LAPTOP-R69EIENB" ignored="0" name="FREE CRM Test" tests="1" failures="1" timestamp="15 Oct 2019 04:51:10 GMT" time="0.542" errors="0">
  <testcase name="feature" time="0.168" classname="MyRunner.TestRunner">
    <failure type="cucumber.runtime.CucumberException" message="java.lang.IllegalStateException: The driver executable does not exist: C:\Users\NagrajS\Desktop\JobsQue\QAAutomation\MAMP3.0Automation\MAMP3.0Automation\CucumberTestNG\Drivers\Chrome\chromedriver.exe">
      <![CDATA[cucumber.runtime.CucumberException: java.lang.IllegalStateException: The driver executable does not exist: C:\Users\NagrajS\Desktop\JobsQue\QAAutomation\MAMP3.0Automation\MAMP3.0Automation\CucumberTestNG\Drivers\Chrome\chromedriver.exe
at cucumber.api.testng.TestNGCucumberRunner.runCucumber(TestNGCucumberRunner.java:69)
at MyRunner.TestRunner.feature(TestRunner.java:36)
at java.util.concurrent.FutureTask.run(FutureTask.java:277)
at java.util.concurrent.ThreadPoolExecutor.runWorker(ThreadPoolExecutor.java:1160)
at java.util.concurrent.ThreadPoolExecutor$Worker.run(ThreadPoolExecutor.java:635)
at java.lang.Thread.run(Thread.java:811)
Caused by: java.lang.IllegalStateException: The driver executable does not exist: C:\Users\NagrajS\Desktop\JobsQue\QAAutomation\MAMP3.0Automation\MAMP3.0Automation\CucumberTestNG\Drivers\Chrome\chromedriver.exe
at com.google.common.base.Preconditions.checkState(Preconditions.java:585)
at org.openqa.selenium.remote.service.DriverService.checkExecutable(DriverService.java:136)
at org.openqa.selenium.remote.service.DriverService.findExecutable(DriverService.java:131)
at org.openqa.selenium.chrome.ChromeDriverService.access$000(ChromeDriverService.java:32)
at org.openqa.selenium.chrome.ChromeDriverService$Builder.findDefaultExecutable(ChromeDriverService.java:137)
at org.openqa.selenium.remote.service.DriverService$Builder.build(DriverService.java:339)
at org.openqa.selenium.chrome.ChromeDriverService.createDefaultService(ChromeDriverService.java:88)
at org.openqa.selenium.chrome.ChromeDriver.<init>(ChromeDriver.java:123)
at stepDefinitions.LoginStepDefinition.user_already_on_login_page(LoginStepDefinition.java:23)
at âœ½.Given user is already on Login Page(login.feature:5)
... Removed 16 stack frames]]>
    </failure>
  </testcase> <!-- feature -->
</testsuite> <!-- FREE CRM Test -->
